<?xml version="1.0" encoding="UTF-8"?>
<!-- Generated by org.testng.reporters.JUnitReportReporter -->
<testsuite hostname="TYSS" failures="0" tests="1" name="generalUtils.BaseClass" time="15.108" errors="0" timestamp="2022-02-08T17:32:24 IST" skipped="0">
  <testcase classname="generalUtils.BaseClass" name="test" time="15.108"/>
  <system-out/>
</testsuite> <!-- generalUtils.BaseClass -->
